[0601/194755.723:ERROR:process_reader_win.cc(142)] SuspendThread: 拒绝访问。 (0x5)
[0601/194755.725:ERROR:exception_snapshot_win.cc(87)] thread ID 12464 not found in process
[0601/194755.725:WARNING:crash_report_exception_handler.cc(60)] ProcessSnapshotWin::Initialize failed
[0601/194755.726:ERROR:scoped_process_suspend.cc(38)] NtResumeProcess: 已尝试访问正在退出的过程。  (0xc000010a)
[0601/203017.838:ERROR:process_reader_win.cc(142)] SuspendThread: 拒绝访问。 (0x5)
[0601/203017.843:ERROR:process_reader_win.cc(142)] SuspendThread: 拒绝访问。 (0x5)
[0601/203017.843:ERROR:process_reader_win.cc(142)] SuspendThread: 拒绝访问。 (0x5)
[0601/203017.843:ERROR:process_reader_win.cc(142)] SuspendThread: 拒绝访问。 (0x5)
[0601/203017.843:ERROR:process_reader_win.cc(142)] SuspendThread: 拒绝访问。 (0x5)
[0601/203017.847:ERROR:process_reader_win.cc(233)] ReadMemory at 0x50f0048 of 32768 bytes failed: 仅完成部分的 ReadProcessMemory 或 WriteProcessMemory 请求。 (0x12B)
[0601/203017.848:ERROR:process_reader_win.cc(142)] SuspendThread: 拒绝访问。 (0x5)
[0601/203017.853:ERROR:process_reader_win.cc(142)] SuspendThread: 拒绝访问。 (0x5)
[0601/203017.862:ERROR:process_reader_win.cc(142)] SuspendThread: 拒绝访问。 (0x5)
[0601/203017.862:ERROR:process_reader_win.cc(142)] SuspendThread: 拒绝访问。 (0x5)
[0601/203017.862:WARNING:pe_image_annotations_reader.cc(65)] could not read simple annotations from C:\Program Files (x86)\Google\Chrome\Application\57.0.2987.133\chrome_elf.dll
[0601/203017.910:ERROR:process_reader_win.cc(233)] ReadMemory at 0x55a0048 of 32768 bytes failed: 仅完成部分的 ReadProcessMemory 或 WriteProcessMemory 请求。 (0x12B)
[0601/203017.910:WARNING:pe_image_annotations_reader.cc(65)] could not read simple annotations from C:\Program Files (x86)\Google\Chrome\Application\57.0.2987.133\chrome_elf.dll
[0601/203017.910:ERROR:process_reader_win.cc(233)] ReadMemory at 0x5bc0048 of 32768 bytes failed: 仅完成部分的 ReadProcessMemory 或 WriteProcessMemory 请求。 (0x12B)
[0601/203017.910:WARNING:pe_image_annotations_reader.cc(65)] could not read simple annotations from C:\Program Files (x86)\Google\Chrome\Application\57.0.2987.133\chrome_elf.dll
[0601/203017.910:ERROR:process_reader_win.cc(233)] ReadMemory at 0x5d50048 of 32768 bytes failed: 仅完成部分的 ReadProcessMemory 或 WriteProcessMemory 请求。 (0x12B)
[0601/203017.910:WARNING:pe_image_annotations_reader.cc(65)] could not read simple annotations from C:\Program Files (x86)\Google\Chrome\Application\57.0.2987.133\chrome_elf.dll
