[0517/083024.570:ERROR:process_reader_win.cc(233)] ReadMemory at 0x59f0048 of 32768 bytes failed: 仅完成部分的 ReadProcessMemory 或 WriteProcessMemory 请求。 (0x12B)
[0517/083024.571:WARNING:pe_image_annotations_reader.cc(65)] could not read simple annotations from C:\Program Files (x86)\Google\Chrome\Application\57.0.2987.133\chrome_elf.dll
[0517/090442.446:ERROR:process_reader_win.cc(233)] ReadMemory at 0x4f20048 of 32768 bytes failed: 仅完成部分的 ReadProcessMemory 或 WriteProcessMemory 请求。 (0x12B)
[0517/090442.446:WARNING:pe_image_annotations_reader.cc(65)] could not read simple annotations from C:\Program Files (x86)\Google\Chrome\Application\57.0.2987.133\chrome_elf.dll
[0517/140137.054:ERROR:process_info.cc(625)] range at 0x81c7e000, size 0x2000 fully unreadable
[0517/203658.244:ERROR:process_reader_win.cc(233)] ReadMemory at 0x5170048 of 32768 bytes failed: 仅完成部分的 ReadProcessMemory 或 WriteProcessMemory 请求。 (0x12B)
[0517/203658.244:WARNING:pe_image_annotations_reader.cc(65)] could not read simple annotations from C:\Program Files (x86)\Google\Chrome\Application\57.0.2987.133\chrome_elf.dll
[0517/203658.286:ERROR:process_reader_win.cc(233)] ReadMemory at 0x5080048 of 32768 bytes failed: 仅完成部分的 ReadProcessMemory 或 WriteProcessMemory 请求。 (0x12B)
[0517/203658.287:WARNING:pe_image_annotations_reader.cc(65)] could not read simple annotations from C:\Program Files (x86)\Google\Chrome\Application\57.0.2987.133\chrome_elf.dll
[0517/203658.370:ERROR:process_reader_win.cc(233)] ReadMemory at 0x59e0048 of 32768 bytes failed: 仅完成部分的 ReadProcessMemory 或 WriteProcessMemory 请求。 (0x12B)
[0517/203658.370:WARNING:pe_image_annotations_reader.cc(65)] could not read simple annotations from C:\Program Files (x86)\Google\Chrome\Application\57.0.2987.133\chrome_elf.dll
[0517/203658.476:ERROR:process_reader_win.cc(233)] ReadMemory at 0x56a0048 of 32768 bytes failed: 仅完成部分的 ReadProcessMemory 或 WriteProcessMemory 请求。 (0x12B)
[0517/203658.476:WARNING:pe_image_annotations_reader.cc(65)] could not read simple annotations from C:\Program Files (x86)\Google\Chrome\Application\57.0.2987.133\chrome_elf.dll
[0517/203658.485:ERROR:process_reader_win.cc(233)] ReadMemory at 0x5a20048 of 32768 bytes failed: 仅完成部分的 ReadProcessMemory 或 WriteProcessMemory 请求。 (0x12B)
[0517/203658.485:WARNING:pe_image_annotations_reader.cc(65)] could not read simple annotations from C:\Program Files (x86)\Google\Chrome\Application\57.0.2987.133\chrome_elf.dll
[0517/203658.506:ERROR:process_reader_win.cc(233)] ReadMemory at 0x5720048 of 32768 bytes failed: 仅完成部分的 ReadProcessMemory 或 WriteProcessMemory 请求。 (0x12B)
[0517/203658.506:WARNING:pe_image_annotations_reader.cc(65)] could not read simple annotations from C:\Program Files (x86)\Google\Chrome\Application\57.0.2987.133\chrome_elf.dll
[0519/100954.635:ERROR:process_reader_win.cc(233)] ReadMemory at 0x57b0048 of 32768 bytes failed: 仅完成部分的 ReadProcessMemory 或 WriteProcessMemory 请求。 (0x12B)
[0519/100954.650:WARNING:pe_image_annotations_reader.cc(65)] could not read simple annotations from C:\Program Files (x86)\Google\Chrome\Application\57.0.2987.133\chrome_elf.dll
[0519/101054.060:ERROR:process_reader_win.cc(233)] ReadMemory at 0x71780000 of 64 bytes failed: 仅完成部分的 ReadProcessMemory 或 WriteProcessMemory 请求。 (0x12B)
[0519/101054.060:WARNING:pe_image_reader.cc(281)] could not read dos header from C:\WINDOWS\SYSTEM32\MSACM32.dll
[0519/101054.061:ERROR:process_reader_win.cc(233)] ReadMemory at 0x708f0000 of 64 bytes failed: 仅完成部分的 ReadProcessMemory 或 WriteProcessMemory 请求。 (0x12B)
[0519/101054.061:WARNING:pe_image_reader.cc(281)] could not read dos header from C:\WINDOWS\SYSTEM32\dwmapi.dll
[0519/101054.061:ERROR:process_reader_win.cc(233)] ReadMemory at 0x6fee0000 of 64 bytes failed: 仅完成部分的 ReadProcessMemory 或 WriteProcessMemory 请求。 (0x12B)
[0519/101054.061:WARNING:pe_image_reader.cc(281)] could not read dos header from C:\WINDOWS\SYSTEM32\MPR.dll
[0519/101054.061:ERROR:process_reader_win.cc(233)] ReadMemory at 0x71700000 of 64 bytes failed: 仅完成部分的 ReadProcessMemory 或 WriteProcessMemory 请求。 (0x12B)
[0519/101054.061:WARNING:pe_image_reader.cc(281)] could not read dos header from C:\Program Files (x86)\Google\Chrome\Application\57.0.2987.133\chrome_elf.dll
[0519/101054.061:ERROR:process_reader_win.cc(233)] ReadMemory at 0x716b0000 of 64 bytes failed: 仅完成部分的 ReadProcessMemory 或 WriteProcessMemory 请求。 (0x12B)
[0519/101054.061:WARNING:pe_image_reader.cc(281)] could not read dos header from C:\WINDOWS\SYSTEM32\ninput.dll
[0519/101054.061:ERROR:process_reader_win.cc(233)] ReadMemory at 0x70110000 of 64 bytes failed: 仅完成部分的 ReadProcessMemory 或 WriteProcessMemory 请求。 (0x12B)
[0519/101054.061:WARNING:pe_image_reader.cc(281)] could not read dos header from D:\Program Files (x86)\360\360Safe\safemon\safemon.dll
[0519/101054.061:ERROR:process_reader_win.cc(233)] ReadMemory at 0x71670000 of 64 bytes failed: 仅完成部分的 ReadProcessMemory 或 WriteProcessMemory 请求。 (0x12B)
[0519/101054.061:WARNING:pe_image_reader.cc(281)] could not read dos header from D:\Program Files (x86)\360\360Safe\safemon\iNetSafe.dll
[0519/101054.061:ERROR:process_reader_win.cc(233)] ReadMemory at 0x70690000 of 64 bytes failed: 仅完成部分的 ReadProcessMemory 或 WriteProcessMemory 请求。 (0x12B)
[0519/101054.061:WARNING:pe_image_reader.cc(281)] could not read dos header from C:\WINDOWS\SYSTEM32\OLEACC.dll
[0519/101054.061:ERROR:process_reader_win.cc(233)] ReadMemory at 0x72a0c530 of 16 bytes failed: 仅完成部分的 ReadProcessMemory 或 WriteProcessMemory 请求。 (0x12B)
[0519/101054.061:WARNING:pe_image_resource_reader.cc(103)] could not read resource data entry from C:\WINDOWS\WinSxS\x86_microsoft.windows.common-controls_6595b64144ccf1df_6.0.14393.953_none_89c2555adb023171\COMCTL32.dll resources
[0519/101054.061:ERROR:process_reader_win.cc(233)] ReadMemory at 0x73270000 of 64 bytes failed: 仅完成部分的 ReadProcessMemory 或 WriteProcessMemory 请求。 (0x12B)
[0519/101054.061:WARNING:pe_image_reader.cc(281)] could not read dos header from C:\WINDOWS\SYSTEM32\dbghelp.dll
[0519/101054.061:ERROR:process_reader_win.cc(233)] ReadMemory at 0x74500000 of 64 bytes failed: 仅完成部分的 ReadProcessMemory 或 WriteProcessMemory 请求。 (0x12B)
[0519/101054.061:WARNING:pe_image_reader.cc(281)] could not read dos header from C:\WINDOWS\SYSTEM32\IPHLPAPI.DLL
[0519/101054.061:ERROR:process_reader_win.cc(233)] ReadMemory at 0x73b00000 of 64 bytes failed: 仅完成部分的 ReadProcessMemory 或 WriteProcessMemory 请求。 (0x12B)
[0519/101054.061:WARNING:pe_image_reader.cc(281)] could not read dos header from C:\WINDOWS\SYSTEM32\Secur32.dll
[0519/101054.061:ERROR:process_reader_win.cc(233)] ReadMemory at 0x6de10000 of 64 bytes failed: 仅完成部分的 ReadProcessMemory 或 WriteProcessMemory 请求。 (0x12B)
[0519/101054.061:WARNING:pe_image_reader.cc(281)] could not read dos header from C:\WINDOWS\SYSTEM32\DWrite.dll
[0519/101054.061:ERROR:process_reader_win.cc(233)] ReadMemory at 0x715b0000 of 64 bytes failed: 仅完成部分的 ReadProcessMemory 或 WriteProcessMemory 请求。 (0x12B)
[0519/101054.061:WARNING:pe_image_reader.cc(281)] could not read dos header from C:\WINDOWS\SYSTEM32\FONTSUB.dll
[0519/101054.061:ERROR:process_reader_win.cc(233)] ReadMemory at 0x57830000 of 64 bytes failed: 仅完成部分的 ReadProcessMemory 或 WriteProcessMemory 请求。 (0x12B)
[0519/101054.061:WARNING:pe_image_reader.cc(281)] could not read dos header from C:\Program Files (x86)\Google\Chrome\Application\57.0.2987.133\chrome_child.dll
[0519/101054.062:ERROR:process_reader_win.cc(233)] ReadMemory at 0x717a0000 of 64 bytes failed: 仅完成部分的 ReadProcessMemory 或 WriteProcessMemory 请求。 (0x12B)
[0519/101054.062:WARNING:pe_image_reader.cc(281)] could not read dos header from C:\WINDOWS\AppPatch\AcGenral.dll
[0519/101054.062:ERROR:process_reader_win.cc(233)] ReadMemory at 0x6ed00000 of 64 bytes failed: 仅完成部分的 ReadProcessMemory 或 WriteProcessMemory 请求。 (0x12B)
[0519/101054.062:WARNING:pe_image_reader.cc(281)] could not read dos header from C:\WINDOWS\system32\apphelp.dll
[0519/101054.062:ERROR:process_reader_win.cc(233)] ReadMemory at 0x75370000 of 64 bytes failed: 仅完成部分的 ReadProcessMemory 或 WriteProcessMemory 请求。 (0x12B)
[0519/101054.062:WARNING:pe_image_reader.cc(281)] could not read dos header from C:\WINDOWS\System32\bcryptPrimitives.dll
[0519/101054.062:ERROR:process_reader_win.cc(233)] ReadMemory at 0x74730000 of 64 bytes failed: 仅完成部分的 ReadProcessMemory 或 WriteProcessMemory 请求。 (0x12B)
[0519/101054.062:WARNING:pe_image_reader.cc(281)] could not read dos header from C:\WINDOWS\System32\CRYPTBASE.dll
[0519/101054.062:ERROR:process_reader_win.cc(233)] ReadMemory at 0x74740000 of 64 bytes failed: 仅完成部分的 ReadProcessMemory 或 WriteProcessMemory 请求。 (0x12B)
[0519/101054.062:WARNING:pe_image_reader.cc(281)] could not read dos header from C:\WINDOWS\System32\SspiCli.dll
[0519/101054.062:ERROR:process_reader_win.cc(233)] ReadMemory at 0x74fd0000 of 64 bytes failed: 仅完成部分的 ReadProcessMemory 或 WriteProcessMemory 请求。 (0x12B)
[0519/101054.062:WARNING:pe_image_reader.cc(281)] could not read dos header from C:\WINDOWS\System32\ucrtbase.dll
[0519/101054.062:ERROR:process_reader_win.cc(233)] ReadMemory at 0x753d0000 of 64 bytes failed: 仅完成部分的 ReadProcessMemory 或 WriteProcessMemory 请求。 (0x12B)
[0519/101054.062:WARNING:pe_image_reader.cc(281)] could not read dos header from C:\WINDOWS\System32\combase.dll
[0519/101054.062:ERROR:process_reader_win.cc(233)] ReadMemory at 0x75b40000 of 64 bytes failed: 仅完成部分的 ReadProcessMemory 或 WriteProcessMemory 请求。 (0x12B)
[0519/101054.062:WARNING:pe_image_reader.cc(281)] could not read dos header from C:\WINDOWS\System32\win32u.dll
[0519/101054.062:ERROR:process_reader_win.cc(233)] ReadMemory at 0x750b0000 of 64 bytes failed: 仅完成部分的 ReadProcessMemory 或 WriteProcessMemory 请求。 (0x12B)
[0519/101054.062:WARNING:pe_image_reader.cc(281)] could not read dos header from C:\WINDOWS\System32\USER32.dll
[0519/101054.062:ERROR:process_reader_win.cc(233)] ReadMemory at 0x75210000 of 64 bytes failed: 仅完成部分的 ReadProcessMemory 或 WriteProcessMemory 请求。 (0x12B)
[0519/101054.062:WARNING:pe_image_reader.cc(281)] could not read dos header from C:\WINDOWS\System32\gdi32full.dll
[0519/101054.062:ERROR:process_reader_win.cc(233)] ReadMemory at 0x75b10000 of 64 bytes failed: 仅完成部分的 ReadProcessMemory 或 WriteProcessMemory 请求。 (0x12B)
[0519/101054.062:WARNING:pe_image_reader.cc(281)] could not read dos header from C:\WINDOWS\System32\GDI32.dll
[0519/101054.062:ERROR:process_reader_win.cc(233)] ReadMemory at 0x75a80000 of 64 bytes failed: 仅完成部分的 ReadProcessMemory 或 WriteProcessMemory 请求。 (0x12B)
[0519/101054.062:WARNING:pe_image_reader.cc(281)] could not read dos header from C:\WINDOWS\System32\IMM32.DLL
[0519/101054.062:ERROR:process_reader_win.cc(233)] ReadMemory at 0x75cb0000 of 64 bytes failed: 仅完成部分的 ReadProcessMemory 或 WriteProcessMemory 请求。 (0x12B)
[0519/101054.062:WARNING:pe_image_reader.cc(281)] could not read dos header from C:\WINDOWS\System32\SHLWAPI.dll
[0519/101054.062:ERROR:process_reader_win.cc(233)] ReadMemory at 0x70530000 of 64 bytes failed: 仅完成部分的 ReadProcessMemory 或 WriteProcessMemory 请求。 (0x12B)
[0519/101054.062:WARNING:pe_image_reader.cc(281)] could not read dos header from C:\WINDOWS\SYSTEM32\UxTheme.dll
[0519/101054.062:ERROR:process_reader_win.cc(233)] ReadMemory at 0x77480000 of 64 bytes failed: 仅完成部分的 ReadProcessMemory 或 WriteProcessMemory 请求。 (0x12B)
[0519/101054.062:WARNING:pe_image_reader.cc(281)] could not read dos header from C:\WINDOWS\System32\cfgmgr32.dll
[0519/101054.062:ERROR:process_reader_win.cc(233)] ReadMemory at 0x74230000 of 64 bytes failed: 仅完成部分的 ReadProcessMemory 或 WriteProcessMemory 请求。 (0x12B)
[0519/101054.062:WARNING:pe_image_reader.cc(281)] could not read dos header from C:\WINDOWS\SYSTEM32\WINMMBASE.dll
[0519/101054.062:ERROR:process_reader_win.cc(233)] ReadMemory at 0x74260000 of 64 bytes failed: 仅完成部分的 ReadProcessMemory 或 WriteProcessMemory 请求。 (0x12B)
[0519/101054.062:WARNING:pe_image_reader.cc(281)] could not read dos header from C:\WINDOWS\SYSTEM32\WINMM.dll
[0519/101054.062:ERROR:process_reader_win.cc(233)] ReadMemory at 0x72790000 of 64 bytes failed: 仅完成部分的 ReadProcessMemory 或 WriteProcessMemory 请求。 (0x12B)
[0519/101054.062:WARNING:pe_image_reader.cc(281)] could not read dos header from C:\WINDOWS\SYSTEM32\samcli.dll
[0519/101054.062:ERROR:process_reader_win.cc(233)] ReadMemory at 0x77340000 of 64 bytes failed: 仅完成部分的 ReadProcessMemory 或 WriteProcessMemory 请求。 (0x12B)
[0519/101054.062:WARNING:pe_image_reader.cc(281)] could not read dos header from C:\WINDOWS\System32\ole32.dll
[0519/101054.062:ERROR:process_reader_win.cc(233)] ReadMemory at 0x75a00000 of 64 bytes failed: 仅完成部分的 ReadProcessMemory 或 WriteProcessMemory 请求。 (0x12B)
[0519/101054.062:WARNING:pe_image_reader.cc(281)] could not read dos header from C:\WINDOWS\System32\msvcp_win.dll
[0519/101054.062:ERROR:process_reader_win.cc(233)] ReadMemory at 0x74970000 of 64 bytes failed: 仅完成部分的 ReadProcessMemory 或 WriteProcessMemory 请求。 (0x12B)
[0519/101054.062:WARNING:pe_image_reader.cc(281)] could not read dos header from C:\WINDOWS\System32\OLEAUT32.dll
[0519/101054.062:ERROR:process_reader_win.cc(233)] ReadMemory at 0x75b60000 of 64 bytes failed: 仅完成部分的 ReadProcessMemory 或 WriteProcessMemory 请求。 (0x12B)
[0519/101054.062:WARNING:pe_image_reader.cc(281)] could not read dos header from C:\WINDOWS\System32\advapi32.dll
[0519/101054.062:ERROR:process_reader_win.cc(233)] ReadMemory at 0x71780000 of 64 bytes failed: 仅完成部分的 ReadProcessMemory 或 WriteProcessMemory 请求。 (0x12B)
[0519/101054.062:WARNING:pe_image_reader.cc(281)] could not read dos header from C:\WINDOWS\SYSTEM32\MSACM32.dll
[0519/101054.062:ERROR:process_reader_win.cc(233)] ReadMemory at 0x74700000 of 64 bytes failed: 仅完成部分的 ReadProcessMemory 或 WriteProcessMemory 请求。 (0x12B)
[0519/101054.062:WARNING:pe_image_reader.cc(281)] could not read dos header from C:\WINDOWS\SYSTEM32\VERSION.dll
[0519/101054.062:ERROR:process_reader_win.cc(233)] ReadMemory at 0x74f80000 of 64 bytes failed: 仅完成部分的 ReadProcessMemory 或 WriteProcessMemory 请求。 (0x12B)
[0519/101054.062:WARNING:pe_image_reader.cc(281)] could not read dos header from C:\WINDOWS\System32\powrprof.dll
[0519/101054.062:ERROR:process_reader_win.cc(233)] ReadMemory at 0x77c90000 of 64 bytes failed: 仅完成部分的 ReadProcessMemory 或 WriteProcessMemory 请求。 (0x12B)
[0519/101054.062:WARNING:pe_image_reader.cc(281)] could not read dos header from C:\WINDOWS\System32\kernel.appcore.dll
[0519/101054.062:ERROR:process_reader_win.cc(233)] ReadMemory at 0x75da0000 of 64 bytes failed: 仅完成部分的 ReadProcessMemory 或 WriteProcessMemory 请求。 (0x12B)
[0519/101054.062:WARNING:pe_image_reader.cc(281)] could not read dos header from C:\WINDOWS\System32\shcore.dll
[0519/101054.062:ERROR:process_reader_win.cc(233)] ReadMemory at 0x77c30000 of 64 bytes failed: 仅完成部分的 ReadProcessMemory 或 WriteProcessMemory 请求。 (0x12B)
[0519/101054.062:WARNING:pe_image_reader.cc(281)] could not read dos header from C:\WINDOWS\System32\profapi.dll
[0519/101054.062:ERROR:process_reader_win.cc(233)] ReadMemory at 0x74a10000 of 64 bytes failed: 仅完成部分的 ReadProcessMemory 或 WriteProcessMemory 请求。 (0x12B)
[0519/101054.063:WARNING:pe_image_reader.cc(281)] could not read dos header from C:\WINDOWS\System32\windows.storage.dll
[0519/101054.063:ERROR:process_reader_win.cc(233)] ReadMemory at 0x75ea0000 of 64 bytes failed: 仅完成部分的 ReadProcessMemory 或 WriteProcessMemory 请求。 (0x12B)
[0519/101054.063:WARNING:pe_image_reader.cc(281)] could not read dos header from C:\WINDOWS\System32\SHELL32.dll
[0519/101054.063:ERROR:process_reader_win.cc(233)] ReadMemory at 0x74710000 of 64 bytes failed: 仅完成部分的 ReadProcessMemory 或 WriteProcessMemory 请求。 (0x12B)
[0519/101054.063:WARNING:pe_image_reader.cc(281)] could not read dos header from C:\WINDOWS\SYSTEM32\USERENV.dll
[0519/101054.063:ERROR:process_reader_win.cc(233)] ReadMemory at 0x708f0000 of 64 bytes failed: 仅完成部分的 ReadProcessMemory 或 WriteProcessMemory 请求。 (0x12B)
[0519/101054.063:WARNING:pe_image_reader.cc(281)] could not read dos header from C:\WINDOWS\SYSTEM32\dwmapi.dll
[0519/101054.063:ERROR:process_reader_win.cc(233)] ReadMemory at 0x72a70000 of 64 bytes failed: 仅完成部分的 ReadProcessMemory 或 WriteProcessMemory 请求。 (0x12B)
[0519/101054.063:WARNING:pe_image_reader.cc(281)] could not read dos header from C:\WINDOWS\SYSTEM32\iertutil.dll
[0519/101054.063:ERROR:process_reader_win.cc(233)] ReadMemory at 0x72ca0000 of 64 bytes failed: 仅完成部分的 ReadProcessMemory 或 WriteProcessMemory 请求。 (0x12B)
[0519/101054.063:WARNING:pe_image_reader.cc(281)] could not read dos header from C:\WINDOWS\SYSTEM32\urlmon.dll
[0519/101054.063:ERROR:process_reader_win.cc(233)] ReadMemory at 0x73e20000 of 64 bytes failed: 仅完成部分的 ReadProcessMemory 或 WriteProcessMemory 请求。 (0x12B)
[0519/101054.063:WARNING:pe_image_reader.cc(281)] could not read dos header from C:\WINDOWS\SYSTEM32\bcrypt.dll
[0519/101054.063:ERROR:process_reader_win.cc(233)] ReadMemory at 0x73510000 of 64 bytes failed: 仅完成部分的 ReadProcessMemory 或 WriteProcessMemory 请求。 (0x12B)
[0519/101054.063:WARNING:pe_image_reader.cc(281)] could not read dos header from C:\WINDOWS\SYSTEM32\WINSPOOL.DRV
[0519/101054.063:ERROR:process_reader_win.cc(233)] ReadMemory at 0x6fee0000 of 64 bytes failed: 仅完成部分的 ReadProcessMemory 或 WriteProcessMemory 请求。 (0x12B)
[0519/101054.063:WARNING:pe_image_reader.cc(281)] could not read dos header from C:\WINDOWS\SYSTEM32\MPR.dll
[0519/101054.063:ERROR:process_reader_win.cc(233)] ReadMemory at 0x71700000 of 64 bytes failed: 仅完成部分的 ReadProcessMemory 或 WriteProcessMemory 请求。 (0x12B)
[0519/101054.063:WARNING:pe_image_reader.cc(281)] could not read dos header from C:\Program Files (x86)\Google\Chrome\Application\57.0.2987.133\chrome_elf.dll
[0519/101054.063:ERROR:process_reader_win.cc(233)] ReadMemory at 0x74960000 of 64 bytes failed: 仅完成部分的 ReadProcessMemory 或 WriteProcessMemory 请求。 (0x12B)
[0519/101054.063:WARNING:pe_image_reader.cc(281)] could not read dos header from C:\WINDOWS\System32\PSAPI.DLL
[0519/101054.063:ERROR:process_reader_win.cc(233)] ReadMemory at 0x74640000 of 64 bytes failed: 仅完成部分的 ReadProcessMemory 或 WriteProcessMemory 请求。 (0x12B)
[0519/101054.063:WARNING:pe_image_reader.cc(281)] could not read dos header from C:\WINDOWS\SYSTEM32\WINHTTP.dll
[0519/101054.063:ERROR:process_reader_win.cc(233)] ReadMemory at 0x716b0000 of 64 bytes failed: 仅完成部分的 ReadProcessMemory 或 WriteProcessMemory 请求。 (0x12B)
[0519/101054.063:WARNING:pe_image_reader.cc(281)] could not read dos header from C:\WINDOWS\SYSTEM32\ninput.dll
[0519/101054.063:ERROR:process_reader_win.cc(233)] ReadMemory at 0x748f0000 of 64 bytes failed: 仅完成部分的 ReadProcessMemory 或 WriteProcessMemory 请求。 (0x12B)
[0519/101054.063:WARNING:pe_image_reader.cc(281)] could not read dos header from C:\WINDOWS\System32\WS2_32.dll
[0519/101054.063:ERROR:process_reader_win.cc(233)] ReadMemory at 0x74530000 of 64 bytes failed: 仅完成部分的 ReadProcessMemory 或 WriteProcessMemory 请求。 (0x12B)
[0519/101054.063:WARNING:pe_image_reader.cc(281)] could not read dos header from C:\WINDOWS\SYSTEM32\NETAPI32.dll
[0519/101054.063:ERROR:process_reader_win.cc(233)] ReadMemory at 0x730c0000 of 64 bytes failed: 仅完成部分的 ReadProcessMemory 或 WriteProcessMemory 请求。 (0x12B)
[0519/101054.063:WARNING:pe_image_reader.cc(281)] could not read dos header from C:\WINDOWS\SYSTEM32\WKSCLI.DLL
[0519/101054.063:ERROR:process_reader_win.cc(233)] ReadMemory at 0x730b0000 of 64 bytes failed: 仅完成部分的 ReadProcessMemory 或 WriteProcessMemory 请求。 (0x12B)
[0519/101054.063:WARNING:pe_image_reader.cc(281)] could not read dos header from C:\WINDOWS\SYSTEM32\NETUTILS.DLL
[0519/101054.063:ERROR:process_reader_win.cc(233)] ReadMemory at 0x70110000 of 64 bytes failed: 仅完成部分的 ReadProcessMemory 或 WriteProcessMemory 请求。 (0x12B)
[0519/101054.063:WARNING:pe_image_reader.cc(281)] could not read dos header from D:\Program Files (x86)\360\360Safe\safemon\safemon.dll
[0519/101054.063:ERROR:process_reader_win.cc(233)] ReadMemory at 0x71670000 of 64 bytes failed: 仅完成部分的 ReadProcessMemory 或 WriteProcessMemory 请求。 (0x12B)
[0519/101054.063:WARNING:pe_image_reader.cc(281)] could not read dos header from D:\Program Files (x86)\360\360Safe\safemon\iNetSafe.dll
[0519/101054.063:ERROR:process_reader_win.cc(233)] ReadMemory at 0x70690000 of 64 bytes failed: 仅完成部分的 ReadProcessMemory 或 WriteProcessMemory 请求。 (0x12B)
[0519/101054.063:WARNING:pe_image_reader.cc(281)] could not read dos header from C:\WINDOWS\SYSTEM32\OLEACC.dll
[0519/101054.063:ERROR:process_reader_win.cc(233)] ReadMemory at 0x10000000 of 64 bytes failed: 仅完成部分的 ReadProcessMemory 或 WriteProcessMemory 请求。 (0x12B)
[0519/101054.063:WARNING:pe_image_reader.cc(281)] could not read dos header from C:\Program Files (x86)\kbasesrv\knb3rdhmpg.dll
[0519/101054.063:ERROR:process_reader_win.cc(233)] ReadMemory at 0x72860000 of 64 bytes failed: 仅完成部分的 ReadProcessMemory 或 WriteProcessMemory 请求。 (0x12B)
[0519/101054.063:WARNING:pe_image_reader.cc(281)] could not read dos header from C:\WINDOWS\WinSxS\x86_microsoft.windows.common-controls_6595b64144ccf1df_6.0.14393.953_none_89c2555adb023171\COMCTL32.dll
[0519/101054.063:ERROR:process_reader_win.cc(233)] ReadMemory at 0x77740000 of 64 bytes failed: 仅完成部分的 ReadProcessMemory 或 WriteProcessMemory 请求。 (0x12B)
[0519/101054.063:WARNING:pe_image_reader.cc(281)] could not read dos header from C:\WINDOWS\System32\COMDLG32.dll
[0519/101054.063:ERROR:process_reader_win.cc(233)] ReadMemory at 0x73270000 of 64 bytes failed: 仅完成部分的 ReadProcessMemory 或 WriteProcessMemory 请求。 (0x12B)
[0519/101054.063:WARNING:pe_image_reader.cc(281)] could not read dos header from C:\WINDOWS\SYSTEM32\dbghelp.dll
[0519/101054.063:ERROR:process_reader_win.cc(233)] ReadMemory at 0x748d0000 of 64 bytes failed: 仅完成部分的 ReadProcessMemory 或 WriteProcessMemory 请求。 (0x12B)
[0519/101054.063:WARNING:pe_image_reader.cc(281)] could not read dos header from C:\WINDOWS\System32\USP10.dll
[0519/101054.063:ERROR:process_reader_win.cc(233)] ReadMemory at 0x74500000 of 64 bytes failed: 仅完成部分的 ReadProcessMemory 或 WriteProcessMemory 请求。 (0x12B)
[0519/101054.063:WARNING:pe_image_reader.cc(281)] could not read dos header from C:\WINDOWS\SYSTEM32\IPHLPAPI.DLL
[0519/101054.063:ERROR:process_reader_win.cc(233)] ReadMemory at 0x73b00000 of 64 bytes failed: 仅完成部分的 ReadProcessMemory 或 WriteProcessMemory 请求。 (0x12B)
[0519/101054.063:WARNING:pe_image_reader.cc(281)] could not read dos header from C:\WINDOWS\SYSTEM32\Secur32.dll
[0519/101054.063:ERROR:process_reader_win.cc(233)] ReadMemory at 0x6de10000 of 64 bytes failed: 仅完成部分的 ReadProcessMemory 或 WriteProcessMemory 请求。 (0x12B)
[0519/101054.063:WARNING:pe_image_reader.cc(281)] could not read dos header from C:\WINDOWS\SYSTEM32\DWrite.dll
[0519/101054.063:ERROR:process_reader_win.cc(233)] ReadMemory at 0x715b0000 of 64 bytes failed: 仅完成部分的 ReadProcessMemory 或 WriteProcessMemory 请求。 (0x12B)
[0519/101054.063:WARNING:pe_image_reader.cc(281)] could not read dos header from C:\WINDOWS\SYSTEM32\FONTSUB.dll
[0519/101054.063:ERROR:process_reader_win.cc(233)] ReadMemory at 0x75d00000 of 64 bytes failed: 仅完成部分的 ReadProcessMemory 或 WriteProcessMemory 请求。 (0x12B)
[0519/101054.063:WARNING:pe_image_reader.cc(281)] could not read dos header from C:\WINDOWS\System32\MSASN1.dll
[0519/101054.063:ERROR:process_reader_win.cc(233)] ReadMemory at 0x775c0000 of 64 bytes failed: 仅完成部分的 ReadProcessMemory 或 WriteProcessMemory 请求。 (0x12B)
[0519/101054.063:WARNING:pe_image_reader.cc(281)] could not read dos header from C:\WINDOWS\System32\CRYPT32.dll
[0519/101054.063:ERROR:process_reader_win.cc(233)] ReadMemory at 0x77430000 of 64 bytes failed: 仅完成部分的 ReadProcessMemory 或 WriteProcessMemory 请求。 (0x12B)
[0519/101054.063:WARNING:pe_image_reader.cc(281)] could not read dos header from C:\WINDOWS\System32\WINTRUST.dll
[0519/101054.063:ERROR:process_reader_win.cc(233)] ReadMemory at 0x57830000 of 64 bytes failed: 仅完成部分的 ReadProcessMemory 或 WriteProcessMemory 请求。 (0x12B)
[0519/101054.063:WARNING:pe_image_reader.cc(281)] could not read dos header from C:\Program Files (x86)\Google\Chrome\Application\57.0.2987.133\chrome_child.dll
[0519/101054.063:ERROR:process_reader_win.cc(233)] ReadMemory at 0xdf0000 of 64 bytes failed: 仅完成部分的 ReadProcessMemory 或 WriteProcessMemory 请求。 (0x12B)
[0519/101054.063:WARNING:pe_image_reader.cc(281)] could not read dos header from C:\Program Files (x86)\Google\Chrome\Application\chrome.exe
[0519/101054.063:ERROR:process_reader_win.cc(233)] ReadMemory at 0x778a0000 of 64 bytes failed: 仅完成部分的 ReadProcessMemory 或 WriteProcessMemory 请求。 (0x12B)
[0519/101054.063:WARNING:pe_image_reader.cc(281)] could not read dos header from C:\WINDOWS\System32\KERNELBASE.dll
[0519/101054.063:ERROR:process_reader_win.cc(233)] ReadMemory at 0x774e0000 of 64 bytes failed: 仅完成部分的 ReadProcessMemory 或 WriteProcessMemory 请求。 (0x12B)
[0519/101054.063:WARNING:pe_image_reader.cc(281)] could not read dos header from C:\WINDOWS\System32\KERNEL32.DLL
[0519/101054.063:ERROR:process_reader_win.cc(233)] ReadMemory at 0x717a0000 of 64 bytes failed: 仅完成部分的 ReadProcessMemory 或 WriteProcessMemory 请求。 (0x12B)
[0519/101054.064:WARNING:pe_image_reader.cc(281)] could not read dos header from C:\WINDOWS\AppPatch\AcGenral.dll
[0519/101054.064:ERROR:process_reader_win.cc(233)] ReadMemory at 0x77ca0000 of 64 bytes failed: 仅完成部分的 ReadProcessMemory 或 WriteProcessMemory 请求。 (0x12B)
[0519/101054.064:WARNING:pe_image_reader.cc(281)] could not read dos header from C:\WINDOWS\SYSTEM32\ntdll.dll
[0519/101054.064:ERROR:process_reader_win.cc(233)] ReadMemory at 0x6ed00000 of 64 bytes failed: 仅完成部分的 ReadProcessMemory 或 WriteProcessMemory 请求。 (0x12B)
[0519/101054.064:WARNING:pe_image_reader.cc(281)] could not read dos header from C:\WINDOWS\system32\apphelp.dll
[0519/101054.064:ERROR:process_reader_win.cc(233)] ReadMemory at 0x77280000 of 64 bytes failed: 仅完成部分的 ReadProcessMemory 或 WriteProcessMemory 请求。 (0x12B)
[0519/101054.064:WARNING:pe_image_reader.cc(281)] could not read dos header from C:\WINDOWS\System32\msvcrt.dll
[0519/101054.064:ERROR:process_reader_win.cc(233)] ReadMemory at 0x75370000 of 64 bytes failed: 仅完成部分的 ReadProcessMemory 或 WriteProcessMemory 请求。 (0x12B)
[0519/101054.064:WARNING:pe_image_reader.cc(281)] could not read dos header from C:\WINDOWS\System32\bcryptPrimitives.dll
[0519/101054.064:ERROR:process_reader_win.cc(233)] ReadMemory at 0x74730000 of 64 bytes failed: 仅完成部分的 ReadProcessMemory 或 WriteProcessMemory 请求。 (0x12B)
[0519/101054.064:WARNING:pe_image_reader.cc(281)] could not read dos header from C:\WINDOWS\System32\CRYPTBASE.dll
[0519/101054.064:ERROR:process_reader_win.cc(233)] ReadMemory at 0x74740000 of 64 bytes failed: 仅完成部分的 ReadProcessMemory 或 WriteProcessMemory 请求。 (0x12B)
[0519/101054.064:WARNING:pe_image_reader.cc(281)] could not read dos header from C:\WINDOWS\System32\SspiCli.dll
[0519/101054.064:ERROR:process_reader_win.cc(233)] ReadMemory at 0x75be0000 of 64 bytes failed: 仅完成部分的 ReadProcessMemory 或 WriteProcessMemory 请求。 (0x12B)
[0519/101054.064:WARNING:pe_image_reader.cc(281)] could not read dos header from C:\WINDOWS\System32\RPCRT4.dll
[0519/101054.064:ERROR:process_reader_win.cc(233)] ReadMemory at 0x77c40000 of 64 bytes failed: 仅完成部分的 ReadProcessMemory 或 WriteProcessMemory 请求。 (0x12B)
[0519/101054.064:WARNING:pe_image_reader.cc(281)] could not read dos header from C:\WINDOWS\System32\sechost.dll
[0519/101054.064:ERROR:process_reader_win.cc(233)] ReadMemory at 0x74fd0000 of 64 bytes failed: 仅完成部分的 ReadProcessMemory 或 WriteProcessMemory 请求。 (0x12B)
[0519/101054.064:WARNING:pe_image_reader.cc(281)] could not read dos header from C:\WINDOWS\System32\ucrtbase.dll
[0519/101054.064:ERROR:process_reader_win.cc(233)] ReadMemory at 0x753d0000 of 64 bytes failed: 仅完成部分的 ReadProcessMemory 或 WriteProcessMemory 请求。 (0x12B)
[0519/101054.064:WARNING:pe_image_reader.cc(281)] could not read dos header from C:\WINDOWS\System32\combase.dll
[0519/101054.064:ERROR:process_reader_win.cc(233)] ReadMemory at 0x75b40000 of 64 bytes failed: 仅完成部分的 ReadProcessMemory 或 WriteProcessMemory 请求。 (0x12B)
[0519/101054.064:WARNING:pe_image_reader.cc(281)] could not read dos header from C:\WINDOWS\System32\win32u.dll
[0519/101054.064:ERROR:process_reader_win.cc(233)] ReadMemory at 0x750b0000 of 64 bytes failed: 仅完成部分的 ReadProcessMemory 或 WriteProcessMemory 请求。 (0x12B)
[0519/101054.064:WARNING:pe_image_reader.cc(281)] could not read dos header from C:\WINDOWS\System32\USER32.dll
[0519/101054.064:ERROR:process_reader_win.cc(233)] ReadMemory at 0x75210000 of 64 bytes failed: 仅完成部分的 ReadProcessMemory 或 WriteProcessMemory 请求。 (0x12B)
[0519/101054.064:WARNING:pe_image_reader.cc(281)] could not read dos header from C:\WINDOWS\System32\gdi32full.dll
[0519/101054.064:ERROR:process_reader_win.cc(233)] ReadMemory at 0x75b10000 of 64 bytes failed: 仅完成部分的 ReadProcessMemory 或 WriteProcessMemory 请求。 (0x12B)
[0519/101054.064:WARNING:pe_image_reader.cc(281)] could not read dos header from C:\WINDOWS\System32\GDI32.dll
[0519/101054.064:ERROR:process_reader_win.cc(233)] ReadMemory at 0x75a80000 of 64 bytes failed: 仅完成部分的 ReadProcessMemory 或 WriteProcessMemory 请求。 (0x12B)
[0519/101054.064:WARNING:pe_image_reader.cc(281)] could not read dos header from C:\WINDOWS\System32\IMM32.DLL
[0519/101054.064:ERROR:process_reader_win.cc(233)] ReadMemory at 0x75cb0000 of 64 bytes failed: 仅完成部分的 ReadProcessMemory 或 WriteProcessMemory 请求。 (0x12B)
[0519/101054.064:WARNING:pe_image_reader.cc(281)] could not read dos header from C:\WINDOWS\System32\SHLWAPI.dll
[0519/101054.064:ERROR:process_reader_win.cc(233)] ReadMemory at 0x70530000 of 64 bytes failed: 仅完成部分的 ReadProcessMemory 或 WriteProcessMemory 请求。 (0x12B)
[0519/101054.064:WARNING:pe_image_reader.cc(281)] could not read dos header from C:\WINDOWS\SYSTEM32\UxTheme.dll
[0519/101054.064:ERROR:process_reader_win.cc(233)] ReadMemory at 0x77480000 of 64 bytes failed: 仅完成部分的 ReadProcessMemory 或 WriteProcessMemory 请求。 (0x12B)
[0519/101054.064:WARNING:pe_image_reader.cc(281)] could not read dos header from C:\WINDOWS\System32\cfgmgr32.dll
[0519/101054.064:ERROR:process_reader_win.cc(233)] ReadMemory at 0x74230000 of 64 bytes failed: 仅完成部分的 ReadProcessMemory 或 WriteProcessMemory 请求。 (0x12B)
[0519/101054.064:WARNING:pe_image_reader.cc(281)] could not read dos header from C:\WINDOWS\SYSTEM32\WINMMBASE.dll
[0519/101054.064:ERROR:process_reader_win.cc(233)] ReadMemory at 0x74260000 of 64 bytes failed: 仅完成部分的 ReadProcessMemory 或 WriteProcessMemory 请求。 (0x12B)
[0519/101054.064:WARNING:pe_image_reader.cc(281)] could not read dos header from C:\WINDOWS\SYSTEM32\WINMM.dll
[0519/101054.064:ERROR:process_reader_win.cc(233)] ReadMemory at 0x72790000 of 64 bytes failed: 仅完成部分的 ReadProcessMemory 或 WriteProcessMemory 请求。 (0x12B)
[0519/101054.064:WARNING:pe_image_reader.cc(281)] could not read dos header from C:\WINDOWS\SYSTEM32\samcli.dll
[0519/101054.064:ERROR:process_reader_win.cc(233)] ReadMemory at 0x77340000 of 64 bytes failed: 仅完成部分的 ReadProcessMemory 或 WriteProcessMemory 请求。 (0x12B)
[0519/101054.064:WARNING:pe_image_reader.cc(281)] could not read dos header from C:\WINDOWS\System32\ole32.dll
[0519/101054.064:ERROR:process_reader_win.cc(233)] ReadMemory at 0x75a00000 of 64 bytes failed: 仅完成部分的 ReadProcessMemory 或 WriteProcessMemory 请求。 (0x12B)
[0519/101054.064:WARNING:pe_image_reader.cc(281)] could not read dos header from C:\WINDOWS\System32\msvcp_win.dll
[0519/101054.064:ERROR:process_reader_win.cc(233)] ReadMemory at 0x74970000 of 64 bytes failed: 仅完成部分的 ReadProcessMemory 或 WriteProcessMemory 请求。 (0x12B)
[0519/101054.064:WARNING:pe_image_reader.cc(281)] could not read dos header from C:\WINDOWS\System32\OLEAUT32.dll
[0519/101054.064:ERROR:process_reader_win.cc(233)] ReadMemory at 0x75b60000 of 64 bytes failed: 仅完成部分的 ReadProcessMemory 或 WriteProcessMemory 请求。 (0x12B)
[0519/101054.064:WARNING:pe_image_reader.cc(281)] could not read dos header from C:\WINDOWS\System32\advapi32.dll
[0519/101054.064:ERROR:process_reader_win.cc(233)] ReadMemory at 0x71780000 of 64 bytes failed: 仅完成部分的 ReadProcessMemory 或 WriteProcessMemory 请求。 (0x12B)
[0519/101054.064:WARNING:pe_image_reader.cc(281)] could not read dos header from C:\WINDOWS\SYSTEM32\MSACM32.dll
[0519/101054.064:ERROR:process_reader_win.cc(233)] ReadMemory at 0x74700000 of 64 bytes failed: 仅完成部分的 ReadProcessMemory 或 WriteProcessMemory 请求。 (0x12B)
[0519/101054.064:WARNING:pe_image_reader.cc(281)] could not read dos header from C:\WINDOWS\SYSTEM32\VERSION.dll
[0519/101054.064:ERROR:process_reader_win.cc(233)] ReadMemory at 0x74f80000 of 64 bytes failed: 仅完成部分的 ReadProcessMemory 或 WriteProcessMemory 请求。 (0x12B)
[0519/101054.064:WARNING:pe_image_reader.cc(281)] could not read dos header from C:\WINDOWS\System32\powrprof.dll
[0519/101054.064:ERROR:process_reader_win.cc(233)] ReadMemory at 0x77c90000 of 64 bytes failed: 仅完成部分的 ReadProcessMemory 或 WriteProcessMemory 请求。 (0x12B)
[0519/101054.064:WARNING:pe_image_reader.cc(281)] could not read dos header from C:\WINDOWS\System32\kernel.appcore.dll
[0519/101054.064:ERROR:process_reader_win.cc(233)] ReadMemory at 0x75da0000 of 64 bytes failed: 仅完成部分的 ReadProcessMemory 或 WriteProcessMemory 请求。 (0x12B)
[0519/101054.064:WARNING:pe_image_reader.cc(281)] could not read dos header from C:\WINDOWS\System32\shcore.dll
[0519/101054.064:ERROR:process_reader_win.cc(233)] ReadMemory at 0x77c30000 of 64 bytes failed: 仅完成部分的 ReadProcessMemory 或 WriteProcessMemory 请求。 (0x12B)
[0519/101054.064:WARNING:pe_image_reader.cc(281)] could not read dos header from C:\WINDOWS\System32\profapi.dll
[0519/101054.064:ERROR:process_reader_win.cc(233)] ReadMemory at 0x74a10000 of 64 bytes failed: 仅完成部分的 ReadProcessMemory 或 WriteProcessMemory 请求。 (0x12B)
[0519/101054.064:WARNING:pe_image_reader.cc(281)] could not read dos header from C:\WINDOWS\System32\windows.storage.dll
[0519/101054.064:ERROR:process_reader_win.cc(233)] ReadMemory at 0x75ea0000 of 64 bytes failed: 仅完成部分的 ReadProcessMemory 或 WriteProcessMemory 请求。 (0x12B)
[0519/101054.064:WARNING:pe_image_reader.cc(281)] could not read dos header from C:\WINDOWS\System32\SHELL32.dll
[0519/101054.064:ERROR:process_reader_win.cc(233)] ReadMemory at 0x74710000 of 64 bytes failed: 仅完成部分的 ReadProcessMemory 或 WriteProcessMemory 请求。 (0x12B)
[0519/101054.064:WARNING:pe_image_reader.cc(281)] could not read dos header from C:\WINDOWS\SYSTEM32\USERENV.dll
[0519/101054.064:ERROR:process_reader_win.cc(233)] ReadMemory at 0x708f0000 of 64 bytes failed: 仅完成部分的 ReadProcessMemory 或 WriteProcessMemory 请求。 (0x12B)
[0519/101054.064:WARNING:pe_image_reader.cc(281)] could not read dos header from C:\WINDOWS\SYSTEM32\dwmapi.dll
[0519/101054.064:ERROR:process_reader_win.cc(233)] ReadMemory at 0x72a70000 of 64 bytes failed: 仅完成部分的 ReadProcessMemory 或 WriteProcessMemory 请求。 (0x12B)
[0519/101054.064:WARNING:pe_image_reader.cc(281)] could not read dos header from C:\WINDOWS\SYSTEM32\iertutil.dll
[0519/101054.064:ERROR:process_reader_win.cc(233)] ReadMemory at 0x72ca0000 of 64 bytes failed: 仅完成部分的 ReadProcessMemory 或 WriteProcessMemory 请求。 (0x12B)
[0519/101054.064:WARNING:pe_image_reader.cc(281)] could not read dos header from C:\WINDOWS\SYSTEM32\urlmon.dll
[0519/101054.065:ERROR:process_reader_win.cc(233)] ReadMemory at 0x73e20000 of 64 bytes failed: 仅完成部分的 ReadProcessMemory 或 WriteProcessMemory 请求。 (0x12B)
[0519/101054.065:WARNING:pe_image_reader.cc(281)] could not read dos header from C:\WINDOWS\SYSTEM32\bcrypt.dll
[0519/101054.065:ERROR:process_reader_win.cc(233)] ReadMemory at 0x73510000 of 64 bytes failed: 仅完成部分的 ReadProcessMemory 或 WriteProcessMemory 请求。 (0x12B)
[0519/101054.065:WARNING:pe_image_reader.cc(281)] could not read dos header from C:\WINDOWS\SYSTEM32\WINSPOOL.DRV
[0519/101054.065:ERROR:process_reader_win.cc(233)] ReadMemory at 0x6fee0000 of 64 bytes failed: 仅完成部分的 ReadProcessMemory 或 WriteProcessMemory 请求。 (0x12B)
[0519/101054.065:WARNING:pe_image_reader.cc(281)] could not read dos header from C:\WINDOWS\SYSTEM32\MPR.dll
[0519/101054.065:ERROR:process_reader_win.cc(233)] ReadMemory at 0x71700000 of 64 bytes failed: 仅完成部分的 ReadProcessMemory 或 WriteProcessMemory 请求。 (0x12B)
[0519/101054.065:WARNING:pe_image_reader.cc(281)] could not read dos header from C:\Program Files (x86)\Google\Chrome\Application\57.0.2987.133\chrome_elf.dll
[0519/101054.065:ERROR:process_reader_win.cc(233)] ReadMemory at 0x74960000 of 64 bytes failed: 仅完成部分的 ReadProcessMemory 或 WriteProcessMemory 请求。 (0x12B)
[0519/101054.065:WARNING:pe_image_reader.cc(281)] could not read dos header from C:\WINDOWS\System32\PSAPI.DLL
[0519/101054.065:ERROR:process_reader_win.cc(233)] ReadMemory at 0x74640000 of 64 bytes failed: 仅完成部分的 ReadProcessMemory 或 WriteProcessMemory 请求。 (0x12B)
[0519/101054.065:WARNING:pe_image_reader.cc(281)] could not read dos header from C:\WINDOWS\SYSTEM32\WINHTTP.dll
[0519/101054.065:ERROR:process_reader_win.cc(233)] ReadMemory at 0x716b0000 of 64 bytes failed: 仅完成部分的 ReadProcessMemory 或 WriteProcessMemory 请求。 (0x12B)
[0519/101054.065:WARNING:pe_image_reader.cc(281)] could not read dos header from C:\WINDOWS\SYSTEM32\ninput.dll
[0519/101054.065:ERROR:process_reader_win.cc(233)] ReadMemory at 0x748f0000 of 64 bytes failed: 仅完成部分的 ReadProcessMemory 或 WriteProcessMemory 请求。 (0x12B)
[0519/101054.065:WARNING:pe_image_reader.cc(281)] could not read dos header from C:\WINDOWS\System32\WS2_32.dll
[0519/101054.065:ERROR:process_reader_win.cc(233)] ReadMemory at 0x74530000 of 64 bytes failed: 仅完成部分的 ReadProcessMemory 或 WriteProcessMemory 请求。 (0x12B)
[0519/101054.065:WARNING:pe_image_reader.cc(281)] could not read dos header from C:\WINDOWS\SYSTEM32\NETAPI32.dll
[0519/101054.065:ERROR:process_reader_win.cc(233)] ReadMemory at 0x730c0000 of 64 bytes failed: 仅完成部分的 ReadProcessMemory 或 WriteProcessMemory 请求。 (0x12B)
[0519/101054.065:WARNING:pe_image_reader.cc(281)] could not read dos header from C:\WINDOWS\SYSTEM32\WKSCLI.DLL
[0519/101054.065:ERROR:process_reader_win.cc(233)] ReadMemory at 0x730b0000 of 64 bytes failed: 仅完成部分的 ReadProcessMemory 或 WriteProcessMemory 请求。 (0x12B)
[0519/101054.065:WARNING:pe_image_reader.cc(281)] could not read dos header from C:\WINDOWS\SYSTEM32\NETUTILS.DLL
[0519/101054.065:ERROR:process_reader_win.cc(233)] ReadMemory at 0x70110000 of 64 bytes failed: 仅完成部分的 ReadProcessMemory 或 WriteProcessMemory 请求。 (0x12B)
[0519/101054.065:WARNING:pe_image_reader.cc(281)] could not read dos header from D:\Program Files (x86)\360\360Safe\safemon\safemon.dll
[0519/101054.065:ERROR:process_reader_win.cc(233)] ReadMemory at 0x71670000 of 64 bytes failed: 仅完成部分的 ReadProcessMemory 或 WriteProcessMemory 请求。 (0x12B)
[0519/101054.065:WARNING:pe_image_reader.cc(281)] could not read dos header from D:\Program Files (x86)\360\360Safe\safemon\iNetSafe.dll
[0519/101054.065:ERROR:process_reader_win.cc(233)] ReadMemory at 0x70690000 of 64 bytes failed: 仅完成部分的 ReadProcessMemory 或 WriteProcessMemory 请求。 (0x12B)
[0519/101054.065:WARNING:pe_image_reader.cc(281)] could not read dos header from C:\WINDOWS\SYSTEM32\OLEACC.dll
[0519/101054.065:ERROR:process_reader_win.cc(233)] ReadMemory at 0x10000000 of 64 bytes failed: 仅完成部分的 ReadProcessMemory 或 WriteProcessMemory 请求。 (0x12B)
[0519/101054.065:WARNING:pe_image_reader.cc(281)] could not read dos header from C:\Program Files (x86)\kbasesrv\knb3rdhmpg.dll
[0519/101054.065:ERROR:process_reader_win.cc(233)] ReadMemory at 0x72860000 of 64 bytes failed: 仅完成部分的 ReadProcessMemory 或 WriteProcessMemory 请求。 (0x12B)
[0519/101054.065:WARNING:pe_image_reader.cc(281)] could not read dos header from C:\WINDOWS\WinSxS\x86_microsoft.windows.common-controls_6595b64144ccf1df_6.0.14393.953_none_89c2555adb023171\COMCTL32.dll
[0519/101054.065:ERROR:process_reader_win.cc(233)] ReadMemory at 0x77740000 of 64 bytes failed: 仅完成部分的 ReadProcessMemory 或 WriteProcessMemory 请求。 (0x12B)
[0519/101054.065:WARNING:pe_image_reader.cc(281)] could not read dos header from C:\WINDOWS\System32\COMDLG32.dll
[0519/101054.065:ERROR:process_reader_win.cc(233)] ReadMemory at 0x73270000 of 64 bytes failed: 仅完成部分的 ReadProcessMemory 或 WriteProcessMemory 请求。 (0x12B)
[0519/101054.065:WARNING:pe_image_reader.cc(281)] could not read dos header from C:\WINDOWS\SYSTEM32\dbghelp.dll
[0519/101054.065:ERROR:process_reader_win.cc(233)] ReadMemory at 0x748d0000 of 64 bytes failed: 仅完成部分的 ReadProcessMemory 或 WriteProcessMemory 请求。 (0x12B)
[0519/101054.065:WARNING:pe_image_reader.cc(281)] could not read dos header from C:\WINDOWS\System32\USP10.dll
[0519/101054.065:ERROR:process_reader_win.cc(233)] ReadMemory at 0x74500000 of 64 bytes failed: 仅完成部分的 ReadProcessMemory 或 WriteProcessMemory 请求。 (0x12B)
[0519/101054.065:WARNING:pe_image_reader.cc(281)] could not read dos header from C:\WINDOWS\SYSTEM32\IPHLPAPI.DLL
[0519/101054.065:ERROR:process_reader_win.cc(233)] ReadMemory at 0x73b00000 of 64 bytes failed: 仅完成部分的 ReadProcessMemory 或 WriteProcessMemory 请求。 (0x12B)
[0519/101054.065:WARNING:pe_image_reader.cc(281)] could not read dos header from C:\WINDOWS\SYSTEM32\Secur32.dll
[0519/101054.065:ERROR:process_reader_win.cc(233)] ReadMemory at 0x6de10000 of 64 bytes failed: 仅完成部分的 ReadProcessMemory 或 WriteProcessMemory 请求。 (0x12B)
[0519/101054.065:WARNING:pe_image_reader.cc(281)] could not read dos header from C:\WINDOWS\SYSTEM32\DWrite.dll
[0519/101054.065:ERROR:process_reader_win.cc(233)] ReadMemory at 0x715b0000 of 64 bytes failed: 仅完成部分的 ReadProcessMemory 或 WriteProcessMemory 请求。 (0x12B)
[0519/101054.065:WARNING:pe_image_reader.cc(281)] could not read dos header from C:\WINDOWS\SYSTEM32\FONTSUB.dll
[0519/101054.065:ERROR:process_reader_win.cc(233)] ReadMemory at 0x75d00000 of 64 bytes failed: 仅完成部分的 ReadProcessMemory 或 WriteProcessMemory 请求。 (0x12B)
[0519/101054.065:WARNING:pe_image_reader.cc(281)] could not read dos header from C:\WINDOWS\System32\MSASN1.dll
[0519/101054.065:ERROR:process_reader_win.cc(233)] ReadMemory at 0x775c0000 of 64 bytes failed: 仅完成部分的 ReadProcessMemory 或 WriteProcessMemory 请求。 (0x12B)
[0519/101054.065:WARNING:pe_image_reader.cc(281)] could not read dos header from C:\WINDOWS\System32\CRYPT32.dll
[0519/101054.065:ERROR:process_reader_win.cc(233)] ReadMemory at 0x77430000 of 64 bytes failed: 仅完成部分的 ReadProcessMemory 或 WriteProcessMemory 请求。 (0x12B)
[0519/101054.065:WARNING:pe_image_reader.cc(281)] could not read dos header from C:\WINDOWS\System32\WINTRUST.dll
[0519/101054.065:ERROR:process_reader_win.cc(233)] ReadMemory at 0x57830000 of 64 bytes failed: 仅完成部分的 ReadProcessMemory 或 WriteProcessMemory 请求。 (0x12B)
[0519/101054.065:WARNING:pe_image_reader.cc(281)] could not read dos header from C:\Program Files (x86)\Google\Chrome\Application\57.0.2987.133\chrome_child.dll
[0519/101054.081:ERROR:process_reader_win.cc(233)] ReadMemory at 0x93b000 of 20480 bytes failed: 仅完成部分的 ReadProcessMemory 或 WriteProcessMemory 请求。 (0x12B)
[0519/101054.081:ERROR:crash_report_exception_handler.cc(111)] WriteEverything failed
[0519/101054.081:ERROR:scoped_process_suspend.cc(38)] NtResumeProcess: 已尝试访问正在退出的过程。  (0xc000010a)
[0519/115532.992:ERROR:process_reader_win.cc(142)] SuspendThread: 拒绝访问。 (0x5)
[0519/115533.000:ERROR:process_reader_win.cc(233)] ReadMemory at 0x5860048 of 32768 bytes failed: 仅完成部分的 ReadProcessMemory 或 WriteProcessMemory 请求。 (0x12B)
[0519/115533.000:WARNING:pe_image_annotations_reader.cc(65)] could not read simple annotations from C:\Program Files (x86)\Google\Chrome\Application\57.0.2987.133\chrome_elf.dll
[0519/160957.764:ERROR:process_reader_win.cc(142)] SuspendThread: 拒绝访问。 (0x5)
[0519/160957.764:ERROR:process_reader_win.cc(142)] SuspendThread: 拒绝访问。 (0x5)
[0519/160957.764:ERROR:process_reader_win.cc(142)] SuspendThread: 拒绝访问。 (0x5)
[0519/160957.764:ERROR:process_reader_win.cc(142)] SuspendThread: 拒绝访问。 (0x5)
[0519/160957.764:ERROR:process_reader_win.cc(142)] SuspendThread: 拒绝访问。 (0x5)
[0519/160957.764:ERROR:process_reader_win.cc(142)] SuspendThread: 拒绝访问。 (0x5)
[0519/160957.764:ERROR:process_reader_win.cc(142)] SuspendThread: 拒绝访问。 (0x5)
[0519/160957.764:ERROR:process_reader_win.cc(142)] SuspendThread: 拒绝访问。 (0x5)
[0519/160957.781:ERROR:process_reader_win.cc(142)] SuspendThread: 拒绝访问。 (0x5)
[0519/160957.781:ERROR:process_reader_win.cc(142)] SuspendThread: 拒绝访问。 (0x5)
[0519/160957.781:ERROR:process_reader_win.cc(142)] SuspendThread: 拒绝访问。 (0x5)
[0519/160957.781:ERROR:process_reader_win.cc(142)] SuspendThread: 拒绝访问。 (0x5)
[0519/160957.781:ERROR:process_reader_win.cc(142)] SuspendThread: 拒绝访问。 (0x5)
[0519/160957.781:ERROR:process_reader_win.cc(142)] SuspendThread: 拒绝访问。 (0x5)
[0519/160957.781:ERROR:process_reader_win.cc(142)] SuspendThread: 拒绝访问。 (0x5)
[0519/160957.781:ERROR:process_reader_win.cc(142)] SuspendThread: 拒绝访问。 (0x5)
[0519/160957.781:ERROR:process_reader_win.cc(142)] SuspendThread: 拒绝访问。 (0x5)
[0519/160957.820:ERROR:process_reader_win.cc(233)] ReadMemory at 0x58c0048 of 32768 bytes failed: 仅完成部分的 ReadProcessMemory 或 WriteProcessMemory 请求。 (0x12B)
[0519/160957.820:WARNING:pe_image_annotations_reader.cc(65)] could not read simple annotations from C:\Program Files (x86)\Google\Chrome\Application\57.0.2987.133\chrome_elf.dll
[0519/160957.824:ERROR:process_reader_win.cc(233)] ReadMemory at 0x5e50048 of 32768 bytes failed: 仅完成部分的 ReadProcessMemory 或 WriteProcessMemory 请求。 (0x12B)
[0519/160957.824:WARNING:pe_image_annotations_reader.cc(65)] could not read simple annotations from C:\Program Files (x86)\Google\Chrome\Application\57.0.2987.133\chrome_elf.dll
[0519/160957.830:ERROR:process_reader_win.cc(233)] ReadMemory at 0x5070048 of 32768 bytes failed: 仅完成部分的 ReadProcessMemory 或 WriteProcessMemory 请求。 (0x12B)
[0519/160957.830:WARNING:pe_image_annotations_reader.cc(65)] could not read simple annotations from C:\Program Files (x86)\Google\Chrome\Application\57.0.2987.133\chrome_elf.dll
[0519/160957.891:ERROR:process_reader_win.cc(233)] ReadMemory at 0x5870048 of 32768 bytes failed: 仅完成部分的 ReadProcessMemory 或 WriteProcessMemory 请求。 (0x12B)
[0519/160957.891:WARNING:pe_image_annotations_reader.cc(65)] could not read simple annotations from C:\Program Files (x86)\Google\Chrome\Application\57.0.2987.133\chrome_elf.dll
